  GameManager.cpp
C:\Visual Studio\Text RPG\Text RPG\GameManager.h(8,10): warning C4067: 전처리기 지시문 다음에 예기치 않은 토큰이 있습니다. 줄 바꿈 문자가 필요합니다.
  (소스 파일 'GameManager.cpp'을(를) 컴파일하는 중)
  
C:\Visual Studio\Text RPG\Text RPG\GameManager.h(9,10): warning C4067: 전처리기 지시문 다음에 예기치 않은 토큰이 있습니다. 줄 바꿈 문자가 필요합니다.
  (소스 파일 'GameManager.cpp'을(를) 컴파일하는 중)
  
C:\Visual Studio\Text RPG\Text RPG\GameManager.h(10,10): warning C4067: 전처리기 지시문 다음에 예기치 않은 토큰이 있습니다. 줄 바꿈 문자가 필요합니다.
  (소스 파일 'GameManager.cpp'을(를) 컴파일하는 중)
  
  Goblin.cpp
  Orc.cpp
  Slime.cpp
  Troll.cpp
  main.cpp
C:\Visual Studio\Text RPG\Text RPG\GameManager.h(8,10): warning C4067: 전처리기 지시문 다음에 예기치 않은 토큰이 있습니다. 줄 바꿈 문자가 필요합니다.
  (소스 파일 'main.cpp'을(를) 컴파일하는 중)
  
C:\Visual Studio\Text RPG\Text RPG\GameManager.h(9,10): warning C4067: 전처리기 지시문 다음에 예기치 않은 토큰이 있습니다. 줄 바꿈 문자가 필요합니다.
  (소스 파일 'main.cpp'을(를) 컴파일하는 중)
  
C:\Visual Studio\Text RPG\Text RPG\GameManager.h(10,10): warning C4067: 전처리기 지시문 다음에 예기치 않은 토큰이 있습니다. 줄 바꿈 문자가 필요합니다.
  (소스 파일 'main.cpp'을(를) 컴파일하는 중)
  
  코드를 생성하고 있습니다...
  Text RPG.vcxproj -> C:\Visual Studio\Text RPG\x64\Debug\Text RPG.exe
